<?xml version="1.0" encoding="UTF-8"?>
<testng-results skipped="0" failed="0" ignored="0" total="2" passed="2">
  <reporter-output>
  </reporter-output>
  <suite name="crossbwsr" duration-ms="20974" started-at="2018-01-28T05:27:37Z" finished-at="2018-01-28T05:27:58Z">
    <groups>
    </groups>
    <test name="FFTest" duration-ms="15546" started-at="2018-01-28T05:27:37Z" finished-at="2018-01-28T05:27:52Z">
      <class name="CrossBrowserTesting.Test1">
        <test-method status="PASS" signature="validateTitleFF(java.lang.String)[pri:0, instance:CrossBrowserTesting.Test1@2833cc44]" name="validateTitleFF" duration-ms="15450" started-at="2018-01-28T10:57:37Z" finished-at="2018-01-28T10:57:52Z">
          <params>
            <param index="0">
              <value>
                <![CDATA[firefox]]>
              </value>
            </param>
          </params>
          <reporter-output>
          </reporter-output>
        </test-method> <!-- validateTitleFF -->
      </class> <!-- CrossBrowserTesting.Test1 -->
    </test> <!-- FFTest -->
    <test name="ChromeTest" duration-ms="5393" started-at="2018-01-28T05:27:53Z" finished-at="2018-01-28T05:27:58Z">
      <class name="CrossBrowserTesting.Test1">
        <test-method status="PASS" signature="validateTitleFF(java.lang.String)[pri:0, instance:CrossBrowserTesting.Test1@2a556333]" name="validateTitleFF" duration-ms="5389" started-at="2018-01-28T10:57:53Z" finished-at="2018-01-28T10:57:58Z">
          <params>
            <param index="0">
              <value>
                <![CDATA[chrome]]>
              </value>
            </param>
          </params>
          <reporter-output>
          </reporter-output>
        </test-method> <!-- validateTitleFF -->
      </class> <!-- CrossBrowserTesting.Test1 -->
    </test> <!-- ChromeTest -->
  </suite> <!-- crossbwsr -->
</testng-results>
